<?xml version="1.0" encoding="UTF-8"?>
<!-- Generated by org.testng.reporters.JUnitXMLReporter -->
<testsuite ignored="1" hostname="Zaki" failures="0" tests="1" name="Smoke Tests" time="12.126" errors="0" timestamp="2026-01-09T19:25:37 IST">
  <testcase classname="tests.BaseSmokeTest" name="verifyDashboard" time="0.119"/>
  <testcase classname="tests.VideoMediaFlowTest" name="verifyVideoMediaFlow" time="0.0">
    <ignored/>
  </testcase> <!-- verifyVideoMediaFlow -->
</testsuite> <!-- Smoke Tests -->
