<?xml version="1.0" encoding="UTF-8"?>
<!-- Generated by org.testng.reporters.JUnitXMLReporter -->
<testsuite ignored="3" hostname="Zaki" failures="0" tests="1" name="Smoke Tests" time="139.866" errors="0" timestamp="2026-01-21T11:50:40 IST">
  <testcase classname="tests.BaseSmokeTest" name="verifyDashboard" time="0.129"/>
  <testcase classname="tests.VideoMediaFlowTest" name="verifyVideoMediaFlow" time="0.0">
    <ignored/>
  </testcase> <!-- verifyVideoMediaFlow -->
  <testcase classname="tests.UserProfileLoginFlowTest" name="verifyUserCanLoginWithProfileCredentials" time="0.0">
    <ignored/>
  </testcase> <!-- verifyUserCanLoginWithProfileCredentials -->
  <testcase classname="tests.PosterMediaFlowTest" name="verifyPosterMediaFlow" time="0.0">
    <ignored/>
  </testcase> <!-- verifyPosterMediaFlow -->
</testsuite> <!-- Smoke Tests -->
