<?xml version="1.0" encoding="UTF-8"?>
<testng-results ignored="3" total="4" passed="1" failed="0" skipped="0">
  <reporter-output>
  </reporter-output>
  <suite started-at="2026-01-19T12:58:46 IST" name="Poppy Admin Suite" finished-at="2026-01-19T12:58:58 IST" duration-ms="11630">
    <groups>
      <group name="smoke">
        <method signature="BaseSmokeTest.verifyDashboard()[pri:0, instance:tests.BaseSmokeTest@7d7758be]" name="verifyDashboard" class="tests.BaseSmokeTest"/>
      </group> <!-- smoke -->
    </groups>
    <test started-at="2026-01-19T12:58:46 IST" name="Smoke Tests" finished-at="2026-01-19T12:58:58 IST" duration-ms="11630">
      <class name="tests.BaseSmokeTest">
        <test-method is-config="true" signature="setUp()[pri:0, instance:tests.BaseSmokeTest@7d7758be]" started-at="2026-01-19T12:58:47 IST" name="setUp" finished-at="2026-01-19T12:58:57 IST" duration-ms="9990" status="PASS">
          <reporter-output>
          </reporter-output>
        </test-method> <!-- setUp -->
        <test-method signature="verifyDashboard()[pri:0, instance:tests.BaseSmokeTest@7d7758be]" started-at="2026-01-19T12:58:57 IST" name="verifyDashboard" finished-at="2026-01-19T12:58:58 IST" duration-ms="144" status="PASS">
          <reporter-output>
          </reporter-output>
        </test-method> <!-- verifyDashboard -->
      </class> <!-- tests.BaseSmokeTest -->
    </test> <!-- Smoke Tests -->
  </suite> <!-- Poppy Admin Suite -->
</testng-results>
