<?xml version="1.0" encoding="UTF-8"?>
<testng-results ignored="0" total="1" passed="0" failed="1" skipped="0">
  <reporter-output>
  </reporter-output>
  <suite started-at="2026-01-14T16:52:42 IST" name="Default suite" finished-at="2026-01-14T16:54:24 IST" duration-ms="102205">
    <groups>
      <group name="regression">
        <method signature="UserProfileLoginFlowTest.verifyUserCanLoginWithProfileCredentials()[pri:0, instance:tests.UserProfileLoginFlowTest@50029372]" name="verifyUserCanLoginWithProfileCredentials" class="tests.UserProfileLoginFlowTest"/>
      </group> <!-- regression -->
    </groups>
    <test started-at="2026-01-14T16:52:42 IST" name="Default test" finished-at="2026-01-14T16:54:24 IST" duration-ms="102205">
      <class name="tests.UserProfileLoginFlowTest">
        <test-method is-config="true" signature="createDownloadDir()[pri:0, instance:tests.UserProfileLoginFlowTest@50029372]" started-at="2026-01-14T16:52:42 IST" name="createDownloadDir" finished-at="2026-01-14T16:52:42 IST" duration-ms="51" status="PASS">
          <reporter-output>
          </reporter-output>
        </test-method> <!-- createDownloadDir -->
        <test-method is-config="true" signature="setUp()[pri:0, instance:tests.UserProfileLoginFlowTest@50029372]" started-at="2026-01-14T16:52:44 IST" name="setUp" finished-at="2026-01-14T16:53:12 IST" duration-ms="27569" status="PASS">
          <reporter-output>
          </reporter-output>
        </test-method> <!-- setUp -->
        <test-method signature="verifyUserCanLoginWithProfileCredentials()[pri:0, instance:tests.UserProfileLoginFlowTest@50029372]" started-at="2026-01-14T16:53:12 IST" name="verifyUserCanLoginWithProfileCredentials" finished-at="2026-01-14T16:54:21 IST" duration-ms="68664" status="FAIL">
          <exception class="java.lang.AssertionError">
            <message>
              <![CDATA[❌ Dashboard not visible after login expected [true] but found [false]]]>
            </message>
            <full-stacktrace>
              <![CDATA[java.lang.AssertionError: ❌ Dashboard not visible after login expected [true] but found [false]
at org.testng.Assert.fail(Assert.java:111)
at org.testng.Assert.failNotEquals(Assert.java:1590)
at org.testng.Assert.assertTrue(Assert.java:57)
at tests.UserProfileLoginFlowTest.verifyUserCanLoginWithProfileCredentials(UserProfileLoginFlowTest.java:37)
at java.base/jdk.internal.reflect.DirectMethodHandleAccessor.invoke(DirectMethodHandleAccessor.java:103)
at java.base/java.lang.reflect.Method.invoke(Method.java:580)
at org.testng.internal.invokers.MethodInvocationHelper.invokeMethod(MethodInvocationHelper.java:141)
at org.testng.internal.invokers.TestInvoker.invokeMethod(TestInvoker.java:687)
at org.testng.internal.invokers.TestInvoker.invokeTestMethod(TestInvoker.java:230)
at org.testng.internal.invokers.MethodRunner.runInSequence(MethodRunner.java:63)
at org.testng.internal.invokers.TestInvoker$MethodInvocationAgent.invoke(TestInvoker.java:995)
at org.testng.internal.invokers.TestInvoker.invokeTestMethods(TestInvoker.java:203)
at org.testng.internal.invokers.TestMethodWorker.invokeTestMethods(TestMethodWorker.java:154)
at org.testng.internal.invokers.TestMethodWorker.run(TestMethodWorker.java:134)
at java.base/java.util.ArrayList.forEach(ArrayList.java:1597)
at org.testng.TestRunner.privateRun(TestRunner.java:741)
at org.testng.TestRunner.run(TestRunner.java:616)
at org.testng.SuiteRunner.runTest(SuiteRunner.java:421)
at org.testng.SuiteRunner.runSequentially(SuiteRunner.java:413)
at org.testng.SuiteRunner.privateRun(SuiteRunner.java:373)
at org.testng.SuiteRunner.run(SuiteRunner.java:312)
at org.testng.SuiteRunnerWorker.runSuite(SuiteRunnerWorker.java:52)
at org.testng.SuiteRunnerWorker.run(SuiteRunnerWorker.java:95)
at org.testng.TestNG.runSuitesSequentially(TestNG.java:1274)
at org.testng.TestNG.runSuitesLocally(TestNG.java:1208)
at org.testng.TestNG.runSuites(TestNG.java:1112)
at org.testng.TestNG.run(TestNG.java:1079)
at org.testng.remote.AbstractRemoteTestNG.run(AbstractRemoteTestNG.java:115)
at org.testng.remote.RemoteTestNG.initAndRun(RemoteTestNG.java:293)
at org.testng.remote.RemoteTestNG.main(RemoteTestNG.java:91)
]]>
            </full-stacktrace>
          </exception> <!-- java.lang.AssertionError -->
          <reporter-output>
          </reporter-output>
        </test-method> <!-- verifyUserCanLoginWithProfileCredentials -->
      </class> <!-- tests.UserProfileLoginFlowTest -->
    </test> <!-- Default test -->
  </suite> <!-- Default suite -->
</testng-results>
