<?xml version="1.0" encoding="UTF-8"?>
<testng-results ignored="0" total="1" passed="1" failed="0" skipped="0">
  <reporter-output>
  </reporter-output>
  <suite started-at="2026-01-21T13:23:44 IST" name="Default suite" finished-at="2026-01-21T13:24:00 IST" duration-ms="15722">
    <groups>
      <group name="smoke">
        <method signature="BaseSmokeTest.verifyDashboard()[pri:0, instance:tests.BaseSmokeTest@50f6ac94]" name="verifyDashboard" class="tests.BaseSmokeTest"/>
      </group> <!-- smoke -->
    </groups>
    <test started-at="2026-01-21T13:23:44 IST" name="Default test" finished-at="2026-01-21T13:24:00 IST" duration-ms="15722">
      <class name="tests.BaseSmokeTest">
        <test-method is-config="true" signature="createDownloadDir()[pri:0, instance:tests.BaseSmokeTest@50f6ac94]" started-at="2026-01-21T13:23:44 IST" name="createDownloadDir" finished-at="2026-01-21T13:23:44 IST" duration-ms="36" status="PASS">
          <reporter-output>
          </reporter-output>
        </test-method> <!-- createDownloadDir -->
        <test-method is-config="true" signature="setUp()[pri:0, instance:tests.BaseSmokeTest@50f6ac94]" started-at="2026-01-21T13:23:46 IST" name="setUp" finished-at="2026-01-21T13:23:59 IST" duration-ms="13489" status="PASS">
          <reporter-output>
          </reporter-output>
        </test-method> <!-- setUp -->
        <test-method signature="verifyDashboard()[pri:0, instance:tests.BaseSmokeTest@50f6ac94]" started-at="2026-01-21T13:23:59 IST" name="verifyDashboard" finished-at="2026-01-21T13:23:59 IST" duration-ms="135" status="PASS">
          <reporter-output>
          </reporter-output>
        </test-method> <!-- verifyDashboard -->
      </class> <!-- tests.BaseSmokeTest -->
    </test> <!-- Default test -->
  </suite> <!-- Default suite -->
</testng-results>
